<?xml version="1.0" encoding="UTF-8"?>
<!-- Generated by org.testng.reporters.JUnitXMLReporter -->
<testsuite ignored="0" hostname="DESKTOP-5P88CHJ" failures="0" tests="93" name="Command line test" time="0.121" errors="0" timestamp="2021-09-15T23:13:59 PET">
  <testcase classname="cs.ing.software.lab1.MainTest" name="Test01" time="0.011"/>
  <testcase classname="cs.ing.software.lab1.MainTest" name="Test02" time="0.0"/>
  <testcase classname="cs.ing.software.lab1.MainTest" name="Test03" time="0.001"/>
  <testcase classname="cs.ing.software.lab1.MainTest" name="Test04" time="0.0"/>
  <testcase classname="cs.ing.software.lab1.MainTest" name="Test05" time="0.001"/>
  <testcase classname="cs.ing.software.lab1.MainTest" name="Test06" time="0.0"/>
  <testcase classname="cs.ing.software.lab1.MainTest" name="Test07" time="0.0"/>
  <testcase classname="cs.ing.software.lab1.MainTest" name="Test08" time="0.0"/>
  <testcase classname="cs.ing.software.lab1.MainTest" name="Test09" time="0.001"/>
  <testcase classname="cs.ing.software.lab1.MainTest" name="Test10" time="0.001"/>
  <testcase classname="cs.ing.software.lab1.MainTest" name="Test12" time="0.0"/>
  <testcase classname="cs.ing.software.lab1.MainTest" name="Test13" time="0.001"/>
  <testcase classname="cs.ing.software.lab1.MainTest" name="Test13" time="0.001"/>
  <testcase classname="cs.ing.software.lab1.MainTest" name="Test13" time="0.001"/>
  <testcase classname="cs.ing.software.lab1.MainTest" name="Test13" time="0.001"/>
  <testcase classname="cs.ing.software.lab1.MainTest" name="Test13" time="0.001"/>
  <testcase classname="cs.ing.software.lab1.MainTest" name="Test13" time="0.001"/>
  <testcase classname="cs.ing.software.lab1.MainTest" name="Test13" time="0.001"/>
  <testcase classname="cs.ing.software.lab1.MainTest" name="Test13" time="0.001"/>
  <testcase classname="cs.ing.software.lab1.MainTest" name="Test13" time="0.001"/>
  <testcase classname="cs.ing.software.lab1.MainTest" name="Test13" time="0.001"/>
  <testcase classname="cs.ing.software.lab1.MainTest" name="Test13" time="0.001"/>
  <testcase classname="cs.ing.software.lab1.MainTest" name="Test13" time="0.003"/>
  <testcase classname="cs.ing.software.lab1.MainTest" name="Test13" time="0.0"/>
  <testcase classname="cs.ing.software.lab1.MainTest" name="Test13" time="0.001"/>
  <testcase classname="cs.ing.software.lab1.MainTest" name="Test13" time="0.0"/>
  <testcase classname="cs.ing.software.lab1.MainTest" name="Test13" time="0.002"/>
  <testcase classname="cs.ing.software.lab1.MainTest" name="Test13" time="0.003"/>
  <testcase classname="cs.ing.software.lab1.MainTest" name="Test13" time="0.002"/>
  <testcase classname="cs.ing.software.lab1.MainTest" name="Test13" time="0.001"/>
  <testcase classname="cs.ing.software.lab1.MainTest" name="Test13" time="0.001"/>
  <testcase classname="cs.ing.software.lab1.MainTest" name="Test13" time="0.001"/>
  <testcase classname="cs.ing.software.lab1.MainTest" name="Test13" time="0.002"/>
  <testcase classname="cs.ing.software.lab1.MainTest" name="Test13" time="0.0"/>
  <testcase classname="cs.ing.software.lab1.MainTest" name="Test13" time="0.002"/>
  <testcase classname="cs.ing.software.lab1.MainTest" name="Test13" time="0.003"/>
  <testcase classname="cs.ing.software.lab1.MainTest" name="Test13" time="0.003"/>
  <testcase classname="cs.ing.software.lab1.MainTest" name="Test13" time="0.001"/>
  <testcase classname="cs.ing.software.lab1.MainTest" name="Test13" time="0.001"/>
  <testcase classname="cs.ing.software.lab1.MainTest" name="Test13" time="0.0"/>
  <testcase classname="cs.ing.software.lab1.MainTest" name="Test13" time="0.0"/>
  <testcase classname="cs.ing.software.lab1.MainTest" name="Test13" time="0.0"/>
  <testcase classname="cs.ing.software.lab1.MainTest" name="Test13" time="0.001"/>
  <testcase classname="cs.ing.software.lab1.MainTest" name="Test13" time="0.0"/>
  <testcase classname="cs.ing.software.lab1.MainTest" name="Test13" time="0.0"/>
  <testcase classname="cs.ing.software.lab1.MainTest" name="Test13" time="0.001"/>
  <testcase classname="cs.ing.software.lab1.MainTest" name="Test13" time="0.001"/>
  <testcase classname="cs.ing.software.lab1.MainTest" name="Test13" time="0.001"/>
  <testcase classname="cs.ing.software.lab1.MainTest" name="Test13" time="0.0"/>
  <testcase classname="cs.ing.software.lab1.MainTest" name="Test13" time="0.0"/>
  <testcase classname="cs.ing.software.lab1.MainTest" name="Test13" time="0.001"/>
  <testcase classname="cs.ing.software.lab1.MainTest" name="Test13" time="0.001"/>
  <testcase classname="cs.ing.software.lab1.MainTest" name="Test13" time="0.0"/>
  <testcase classname="cs.ing.software.lab1.MainTest" name="Test13" time="0.0"/>
  <testcase classname="cs.ing.software.lab1.MainTest" name="Test13" time="0.0"/>
  <testcase classname="cs.ing.software.lab1.MainTest" name="Test13" time="0.001"/>
  <testcase classname="cs.ing.software.lab1.MainTest" name="Test13" time="0.001"/>
  <testcase classname="cs.ing.software.lab1.MainTest" name="Test13" time="0.002"/>
  <testcase classname="cs.ing.software.lab1.MainTest" name="Test13" time="0.0"/>
  <testcase classname="cs.ing.software.lab1.MainTest" name="Test13" time="0.0"/>
  <testcase classname="cs.ing.software.lab1.MainTest" name="Test13" time="0.001"/>
  <testcase classname="cs.ing.software.lab1.MainTest" name="Test13" time="0.0"/>
  <testcase classname="cs.ing.software.lab1.MainTest" name="Test13" time="0.0"/>
  <testcase classname="cs.ing.software.lab1.MainTest" name="Test13" time="0.0"/>
  <testcase classname="cs.ing.software.lab1.MainTest" name="Test13" time="0.001"/>
  <testcase classname="cs.ing.software.lab1.MainTest" name="Test13" time="0.001"/>
  <testcase classname="cs.ing.software.lab1.MainTest" name="Test13" time="0.001"/>
  <testcase classname="cs.ing.software.lab1.MainTest" name="Test13" time="0.001"/>
  <testcase classname="cs.ing.software.lab1.MainTest" name="Test13" time="0.001"/>
  <testcase classname="cs.ing.software.lab1.MainTest" name="Test13" time="0.001"/>
  <testcase classname="cs.ing.software.lab1.MainTest" name="Test13" time="0.0"/>
  <testcase classname="cs.ing.software.lab1.MainTest" name="Test13" time="0.001"/>
  <testcase classname="cs.ing.software.lab1.MainTest" name="Test13" time="0.001"/>
  <testcase classname="cs.ing.software.lab1.MainTest" name="Test13" time="0.002"/>
  <testcase classname="cs.ing.software.lab1.MainTest" name="Test13" time="0.0"/>
  <testcase classname="cs.ing.software.lab1.MainTest" name="Test13" time="0.001"/>
  <testcase classname="cs.ing.software.lab1.MainTest" name="Test13" time="0.001"/>
  <testcase classname="cs.ing.software.lab1.MainTest" name="Test13" time="0.001"/>
  <testcase classname="cs.ing.software.lab1.MainTest" name="Test13" time="0.0"/>
  <testcase classname="cs.ing.software.lab1.MainTest" name="Test13" time="0.0"/>
  <testcase classname="cs.ing.software.lab1.MainTest" name="Test13" time="0.001"/>
  <testcase classname="cs.ing.software.lab1.MainTest" name="Test13" time="0.001"/>
  <testcase classname="cs.ing.software.lab1.MainTest" name="Test13" time="0.001"/>
  <testcase classname="cs.ing.software.lab1.MainTest" name="Test13" time="0.001"/>
  <testcase classname="cs.ing.software.lab1.MainTest" name="Test13" time="0.001"/>
  <testcase classname="cs.ing.software.lab1.MainTest" name="Test13" time="0.0"/>
  <testcase classname="cs.ing.software.lab1.MainTest" name="Test13" time="0.0"/>
  <testcase classname="cs.ing.software.lab1.MainTest" name="Test13" time="0.001"/>
  <testcase classname="cs.ing.software.lab1.MainTest" name="Test13" time="0.001"/>
  <testcase classname="cs.ing.software.lab1.MainTest" name="Test13" time="0.001"/>
  <testcase classname="cs.ing.software.lab1.MainTest" name="Test13" time="0.001"/>
  <testcase classname="cs.ing.software.lab1.MainTest" name="testMain1" time="0.003"/>
  <testcase classname="cs.ing.software.lab1.MainTest" name="testMain2" time="0.001"/>
</testsuite> <!-- Command line test -->
