<?xml version="1.0" encoding="UTF-8"?>
<testng-results ignored="0" total="1" passed="1" failed="0" skipped="0">
  <reporter-output>
  </reporter-output>
  <suite started-at="2021-09-15T04:27:05 PET" name="cs.ing.software.lab1.MainTest" finished-at="2021-09-15T04:27:05 PET" duration-ms="89">
    <groups>
    </groups>
    <test started-at="2021-09-15T04:27:05 PET" name="Command line test" finished-at="2021-09-15T04:27:05 PET" duration-ms="89">
      <class name="cs.ing.software.lab1.MainTest">
        <test-method signature="Test01()[pri:0, instance:cs.ing.software.lab1.MainTest@2301b75]" started-at="2021-09-15T04:27:05 PET" name="Test01" finished-at="2021-09-15T04:27:05 PET" duration-ms="20" status="PASS">
          <reporter-output>
          </reporter-output>
        </test-method> <!-- Test01 -->
      </class> <!-- cs.ing.software.lab1.MainTest -->
    </test> <!-- Command line test -->
  </suite> <!-- cs.ing.software.lab1.MainTest -->
</testng-results>
