<?xml version="1.0" encoding="UTF-8" ?>
<testsuite tests="93" failures="0" name="cs.ing.software.lab1.MainTest" time="0.033" errors="0" skipped="0">
  <properties>
[...]
</properties>
  <testcase classname="cs.ing.software.lab1.MainTest" name="Test01" time="0.013"/>
  <testcase classname="cs.ing.software.lab1.MainTest" name="Test02" time="0"/>
  <testcase classname="cs.ing.software.lab1.MainTest" name="Test03" time="0"/>
  <testcase classname="cs.ing.software.lab1.MainTest" name="Test04" time="0"/>
  <testcase classname="cs.ing.software.lab1.MainTest" name="Test05" time="0.001"/>
  <testcase classname="cs.ing.software.lab1.MainTest" name="Test06" time="0"/>
  <testcase classname="cs.ing.software.lab1.MainTest" name="Test07" time="0"/>
  <testcase classname="cs.ing.software.lab1.MainTest" name="Test08" time="0"/>
  <testcase classname="cs.ing.software.lab1.MainTest" name="Test09" time="0"/>
  <testcase classname="cs.ing.software.lab1.MainTest" name="Test10" time="0"/>
  <testcase classname="cs.ing.software.lab1.MainTest" name="Test12" time="0.001"/>
  <testcase classname="cs.ing.software.lab1.MainTest" name="Test13" time="0"/>
  <testcase classname="cs.ing.software.lab1.MainTest" name="Test13" time="0"/>
  <testcase classname="cs.ing.software.lab1.MainTest" name="Test13" time="0"/>
  <testcase classname="cs.ing.software.lab1.MainTest" name="Test13" time="0.001"/>
  <testcase classname="cs.ing.software.lab1.MainTest" name="Test13" time="0.001"/>
  <testcase classname="cs.ing.software.lab1.MainTest" name="Test13" time="0"/>
  <testcase classname="cs.ing.software.lab1.MainTest" name="Test13" time="0"/>
  <testcase classname="cs.ing.software.lab1.MainTest" name="Test13" time="0"/>
  <testcase classname="cs.ing.software.lab1.MainTest" name="Test13" time="0"/>
  <testcase classname="cs.ing.software.lab1.MainTest" name="Test13" time="0"/>
  <testcase classname="cs.ing.software.lab1.MainTest" name="Test13" time="0"/>
  <testcase classname="cs.ing.software.lab1.MainTest" name="Test13" time="0"/>
  <testcase classname="cs.ing.software.lab1.MainTest" name="Test13" time="0"/>
  <testcase classname="cs.ing.software.lab1.MainTest" name="Test13" time="0"/>
  <testcase classname="cs.ing.software.lab1.MainTest" name="Test13" time="0.001"/>
  <testcase classname="cs.ing.software.lab1.MainTest" name="Test13" time="0"/>
  <testcase classname="cs.ing.software.lab1.MainTest" name="Test13" time="0.001"/>
  <testcase classname="cs.ing.software.lab1.MainTest" name="Test13" time="0.001"/>
  <testcase classname="cs.ing.software.lab1.MainTest" name="Test13" time="0.001"/>
  <testcase classname="cs.ing.software.lab1.MainTest" name="Test13" time="0"/>
  <testcase classname="cs.ing.software.lab1.MainTest" name="Test13" time="0"/>
  <testcase classname="cs.ing.software.lab1.MainTest" name="Test13" time="0.001"/>
  <testcase classname="cs.ing.software.lab1.MainTest" name="Test13" time="0.001"/>
  <testcase classname="cs.ing.software.lab1.MainTest" name="Test13" time="0.001"/>
  <testcase classname="cs.ing.software.lab1.MainTest" name="Test13" time="0.001"/>
  <testcase classname="cs.ing.software.lab1.MainTest" name="Test13" time="0.001"/>
  <testcase classname="cs.ing.software.lab1.MainTest" name="Test13" time="0"/>
  <testcase classname="cs.ing.software.lab1.MainTest" name="Test13" time="0"/>
  <testcase classname="cs.ing.software.lab1.MainTest" name="Test13" time="0"/>
  <testcase classname="cs.ing.software.lab1.MainTest" name="Test13" time="0"/>
  <testcase classname="cs.ing.software.lab1.MainTest" name="Test13" time="0"/>
  <testcase classname="cs.ing.software.lab1.MainTest" name="Test13" time="0"/>
  <testcase classname="cs.ing.software.lab1.MainTest" name="Test13" time="0"/>
  <testcase classname="cs.ing.software.lab1.MainTest" name="Test13" time="0"/>
  <testcase classname="cs.ing.software.lab1.MainTest" name="Test13" time="0"/>
  <testcase classname="cs.ing.software.lab1.MainTest" name="Test13" time="0"/>
  <testcase classname="cs.ing.software.lab1.MainTest" name="Test13" time="0"/>
  <testcase classname="cs.ing.software.lab1.MainTest" name="Test13" time="0"/>
  <testcase classname="cs.ing.software.lab1.MainTest" name="Test13" time="0.001"/>
  <testcase classname="cs.ing.software.lab1.MainTest" name="Test13" time="0.001"/>
  <testcase classname="cs.ing.software.lab1.MainTest" name="Test13" time="0"/>
  <testcase classname="cs.ing.software.lab1.MainTest" name="Test13" time="0"/>
  <testcase classname="cs.ing.software.lab1.MainTest" name="Test13" time="0"/>
  <testcase classname="cs.ing.software.lab1.MainTest" name="Test13" time="0"/>
  <testcase classname="cs.ing.software.lab1.MainTest" name="Test13" time="0"/>
  <testcase classname="cs.ing.software.lab1.MainTest" name="Test13" time="0"/>
  <testcase classname="cs.ing.software.lab1.MainTest" name="Test13" time="0"/>
  <testcase classname="cs.ing.software.lab1.MainTest" name="Test13" time="0"/>
  <testcase classname="cs.ing.software.lab1.MainTest" name="Test13" time="0.001"/>
  <testcase classname="cs.ing.software.lab1.MainTest" name="Test13" time="0.001"/>
  <testcase classname="cs.ing.software.lab1.MainTest" name="Test13" time="0"/>
  <testcase classname="cs.ing.software.lab1.MainTest" name="Test13" time="0"/>
  <testcase classname="cs.ing.software.lab1.MainTest" name="Test13" time="0"/>
  <testcase classname="cs.ing.software.lab1.MainTest" name="Test13" time="0"/>
  <testcase classname="cs.ing.software.lab1.MainTest" name="Test13" time="0"/>
  <testcase classname="cs.ing.software.lab1.MainTest" name="Test13" time="0"/>
  <testcase classname="cs.ing.software.lab1.MainTest" name="Test13" time="0"/>
  <testcase classname="cs.ing.software.lab1.MainTest" name="Test13" time="0"/>
  <testcase classname="cs.ing.software.lab1.MainTest" name="Test13" time="0"/>
  <testcase classname="cs.ing.software.lab1.MainTest" name="Test13" time="0"/>
  <testcase classname="cs.ing.software.lab1.MainTest" name="Test13" time="0"/>
  <testcase classname="cs.ing.software.lab1.MainTest" name="Test13" time="0"/>
  <testcase classname="cs.ing.software.lab1.MainTest" name="Test13" time="0"/>
  <testcase classname="cs.ing.software.lab1.MainTest" name="Test13" time="0"/>
  <testcase classname="cs.ing.software.lab1.MainTest" name="Test13" time="0"/>
  <testcase classname="cs.ing.software.lab1.MainTest" name="Test13" time="0"/>
  <testcase classname="cs.ing.software.lab1.MainTest" name="Test13" time="0"/>
  <testcase classname="cs.ing.software.lab1.MainTest" name="Test13" time="0"/>
  <testcase classname="cs.ing.software.lab1.MainTest" name="Test13" time="0"/>
  <testcase classname="cs.ing.software.lab1.MainTest" name="Test13" time="0"/>
  <testcase classname="cs.ing.software.lab1.MainTest" name="Test13" time="0"/>
  <testcase classname="cs.ing.software.lab1.MainTest" name="Test13" time="0"/>
  <testcase classname="cs.ing.software.lab1.MainTest" name="Test13" time="0"/>
  <testcase classname="cs.ing.software.lab1.MainTest" name="Test13" time="0"/>
  <testcase classname="cs.ing.software.lab1.MainTest" name="Test13" time="0"/>
  <testcase classname="cs.ing.software.lab1.MainTest" name="Test13" time="0"/>
  <testcase classname="cs.ing.software.lab1.MainTest" name="Test13" time="0"/>
  <testcase classname="cs.ing.software.lab1.MainTest" name="Test13" time="0"/>
  <testcase classname="cs.ing.software.lab1.MainTest" name="Test13" time="0"/>
  <testcase classname="cs.ing.software.lab1.MainTest" name="Test13" time="0"/>
  <testcase classname="cs.ing.software.lab1.MainTest" name="testMain1" time="0.002"/>
  <testcase classname="cs.ing.software.lab1.MainTest" name="testMain2" time="0.001"/>
</testsuite>